<?xml version="1.0" encoding="UTF-8" ?>
<testsuite tests="23" failures="0" name="com.zc.dao.ITeacherDaoTest" time="0.822" errors="2" skipped="0">
  <properties>
[...]
</properties>
  <testcase classname="com.zc.dao.ITeacherDaoTest" name="test10" time="0.065"/>
  <testcase classname="com.zc.dao.ITeacherDaoTest" name="test11" time="0.01"/>
  <testcase classname="com.zc.dao.ITeacherDaoTest" name="test12" time="0.05"/>
  <testcase classname="com.zc.dao.ITeacherDaoTest" name="test13" time="0.07"/>
  <testcase classname="com.zc.dao.ITeacherDaoTest" name="test14" time="0.01"/>
  <testcase classname="com.zc.dao.ITeacherDaoTest" name="test15" time="0.07"/>
  <testcase classname="com.zc.dao.ITeacherDaoTest" name="test16" time="0.02"/>
  <testcase classname="com.zc.dao.ITeacherDaoTest" name="test17" time="0"/>
  <testcase classname="com.zc.dao.ITeacherDaoTest" name="test18" time="0.11"/>
  <testcase classname="com.zc.dao.ITeacherDaoTest" name="test19" time="0.05"/>
  <testcase classname="com.zc.dao.ITeacherDaoTest" name="test20" time="0.001"/>
  <testcase classname="com.zc.dao.ITeacherDaoTest" name="testAddTeacher" time="0.106">
    <error message="
### Error updating database.  Cause: com.mysql.jdbc.exceptions.jdbc4.MySQLIntegrityConstraintViolationException: Cannot add or update a child row: a foreign key constraint fails (`db_graduation_management`.`t_teacher`, CONSTRAINT `t_teacher_ibfk_1` FOREIGN KEY (`departmentId`) REFERENCES `t_department` (`id`))
### The error may involve com.zc.dao.ITeacherDao.addTeacher-Inline
### The error occurred while setting parameters
### SQL: insert into t_teacher values(null,?,?,?,?,?,?,?)
### Cause: com.mysql.jdbc.exceptions.jdbc4.MySQLIntegrityConstraintViolationException: Cannot add or update a child row: a foreign key constraint fails (`db_graduation_management`.`t_teacher`, CONSTRAINT `t_teacher_ibfk_1` FOREIGN KEY (`departmentId`) REFERENCES `t_department` (`id`))
; SQL []; Cannot add or update a child row: a foreign key constraint fails (`db_graduation_management`.`t_teacher`, CONSTRAINT `t_teacher_ibfk_1` FOREIGN KEY (`departmentId`) REFERENCES `t_department` (`id`)); nested exception is com.mysql.jdbc.exceptions.jdbc4.MySQLIntegrityConstraintViolationException: Cannot add or update a child row: a foreign key constraint fails (`db_graduation_management`.`t_teacher`, CONSTRAINT `t_teacher_ibfk_1` FOREIGN KEY (`departmentId`) REFERENCES `t_department` (`id`))" type="org.springframework.dao.DataIntegrityViolationException">org.springframework.dao.DataIntegrityViolationException: 
### Error updating database.  Cause: com.mysql.jdbc.exceptions.jdbc4.MySQLIntegrityConstraintViolationException: Cannot add or update a child row: a foreign key constraint fails (`db_graduation_management`.`t_teacher`, CONSTRAINT `t_teacher_ibfk_1` FOREIGN KEY (`departmentId`) REFERENCES `t_department` (`id`))
### The error may involve com.zc.dao.ITeacherDao.addTeacher-Inline
### The error occurred while setting parameters
### SQL: insert into t_teacher values(null,?,?,?,?,?,?,?)
### Cause: com.mysql.jdbc.exceptions.jdbc4.MySQLIntegrityConstraintViolationException: Cannot add or update a child row: a foreign key constraint fails (`db_graduation_management`.`t_teacher`, CONSTRAINT `t_teacher_ibfk_1` FOREIGN KEY (`departmentId`) REFERENCES `t_department` (`id`))
; SQL []; Cannot add or update a child row: a foreign key constraint fails (`db_graduation_management`.`t_teacher`, CONSTRAINT `t_teacher_ibfk_1` FOREIGN KEY (`departmentId`) REFERENCES `t_department` (`id`)); nested exception is com.mysql.jdbc.exceptions.jdbc4.MySQLIntegrityConstraintViolationException: Cannot add or update a child row: a foreign key constraint fails (`db_graduation_management`.`t_teacher`, CONSTRAINT `t_teacher_ibfk_1` FOREIGN KEY (`departmentId`) REFERENCES `t_department` (`id`))
	at org.springframework.jdbc.support.SQLErrorCodeSQLExceptionTranslator.doTranslate(SQLErrorCodeSQLExceptionTranslator.java:243)
	at org.springframework.jdbc.support.AbstractFallbackSQLExceptionTranslator.translate(AbstractFallbackSQLExceptionTranslator.java:73)
	at org.mybatis.spring.MyBatisExceptionTranslator.translateExceptionIfPossible(MyBatisExceptionTranslator.java:74)
	at org.mybatis.spring.SqlSessionTemplate$SqlSessionInterceptor.invoke(SqlSessionTemplate.java:399)
	at com.sun.proxy.$Proxy15.insert(Unknown Source)
	at org.mybatis.spring.SqlSessionTemplate.insert(SqlSessionTemplate.java:253)
	at org.apache.ibatis.binding.MapperMethod.execute(MapperMethod.java:52)
	at org.apache.ibatis.binding.MapperProxy.invoke(MapperProxy.java:53)
	at com.sun.proxy.$Proxy29.addTeacher(Unknown Source)
	at com.zc.dao.ITeacherDaoTest.testAddTeacher(ITeacherDaoTest.java:41)
	at sun.reflect.NativeMethodAccessorImpl.invoke0(Native Method)
	at sun.reflect.NativeMethodAccessorImpl.invoke(NativeMethodAccessorImpl.java:62)
	at sun.reflect.DelegatingMethodAccessorImpl.invoke(DelegatingMethodAccessorImpl.java:43)
	at java.lang.reflect.Method.invoke(Method.java:498)
	at org.junit.runners.model.FrameworkMethod$1.runReflectiveCall(FrameworkMethod.java:50)
	at org.junit.internal.runners.model.ReflectiveCallable.run(ReflectiveCallable.java:12)
	at org.junit.runners.model.FrameworkMethod.invokeExplosively(FrameworkMethod.java:47)
	at org.junit.internal.runners.statements.InvokeMethod.evaluate(InvokeMethod.java:17)
	at org.springframework.test.context.junit4.statements.RunBeforeTestMethodCallbacks.evaluate(RunBeforeTestMethodCallbacks.java:73)
	at org.springframework.test.context.junit4.statements.RunAfterTestMethodCallbacks.evaluate(RunAfterTestMethodCallbacks.java:82)
	at org.springframework.test.context.junit4.statements.SpringRepeat.evaluate(SpringRepeat.java:73)
	at org.junit.runners.ParentRunner.runLeaf(ParentRunner.java:325)
	at org.springframework.test.context.junit4.SpringJUnit4ClassRunner.runChild(SpringJUnit4ClassRunner.java:224)
	at org.springframework.test.context.junit4.SpringJUnit4ClassRunner.runChild(SpringJUnit4ClassRunner.java:83)
	at org.junit.runners.ParentRunner$3.run(ParentRunner.java:290)
	at org.junit.runners.ParentRunner$1.schedule(ParentRunner.java:71)
	at org.junit.runners.ParentRunner.runChildren(ParentRunner.java:288)
	at org.junit.runners.ParentRunner.access$000(ParentRunner.java:58)
	at org.junit.runners.ParentRunner$2.evaluate(ParentRunner.java:268)
	at org.springframework.test.context.junit4.statements.RunBeforeTestClassCallbacks.evaluate(RunBeforeTestClassCallbacks.java:61)
	at org.springframework.test.context.junit4.statements.RunAfterTestClassCallbacks.evaluate(RunAfterTestClassCallbacks.java:68)
	at org.junit.runners.ParentRunner.run(ParentRunner.java:363)
	at org.springframework.test.context.junit4.SpringJUnit4ClassRunner.run(SpringJUnit4ClassRunner.java:163)
	at org.apache.maven.surefire.junit4.JUnit4Provider.execute(JUnit4Provider.java:252)
	at org.apache.maven.surefire.junit4.JUnit4Provider.executeTestSet(JUnit4Provider.java:141)
	at org.apache.maven.surefire.junit4.JUnit4Provider.invoke(JUnit4Provider.java:112)
	at sun.reflect.NativeMethodAccessorImpl.invoke0(Native Method)
	at sun.reflect.NativeMethodAccessorImpl.invoke(NativeMethodAccessorImpl.java:62)
	at sun.reflect.DelegatingMethodAccessorImpl.invoke(DelegatingMethodAccessorImpl.java:43)
	at java.lang.reflect.Method.invoke(Method.java:498)
	at org.apache.maven.surefire.util.ReflectionUtils.invokeMethodWithArray(ReflectionUtils.java:189)
	at org.apache.maven.surefire.booter.ProviderFactory$ProviderProxy.invoke(ProviderFactory.java:165)
	at org.apache.maven.surefire.booter.ProviderFactory.invokeProvider(ProviderFactory.java:85)
	at org.apache.maven.surefire.booter.ForkedBooter.runSuitesInProcess(ForkedBooter.java:115)
	at org.apache.maven.surefire.booter.ForkedBooter.main(ForkedBooter.java:75)
Caused by: com.mysql.jdbc.exceptions.jdbc4.MySQLIntegrityConstraintViolationException: Cannot add or update a child row: a foreign key constraint fails (`db_graduation_management`.`t_teacher`, CONSTRAINT `t_teacher_ibfk_1` FOREIGN KEY (`departmentId`) REFERENCES `t_department` (`id`))
	at sun.reflect.NativeConstructorAccessorImpl.newInstance0(Native Method)
	at sun.reflect.NativeConstructorAccessorImpl.newInstance(NativeConstructorAccessorImpl.java:62)
	at sun.reflect.DelegatingConstructorAccessorImpl.newInstance(DelegatingConstructorAccessorImpl.java:45)
	at java.lang.reflect.Constructor.newInstance(Constructor.java:423)
	at com.mysql.jdbc.Util.handleNewInstance(Util.java:404)
	at com.mysql.jdbc.Util.getInstance(Util.java:387)
	at com.mysql.jdbc.SQLError.createSQLException(SQLError.java:934)
	at com.mysql.jdbc.MysqlIO.checkErrorPacket(MysqlIO.java:3870)
	at com.mysql.jdbc.MysqlIO.checkErrorPacket(MysqlIO.java:3806)
	at com.mysql.jdbc.MysqlIO.sendCommand(MysqlIO.java:2470)
	at com.mysql.jdbc.MysqlIO.sqlQueryDirect(MysqlIO.java:2617)
	at com.mysql.jdbc.ConnectionImpl.execSQL(ConnectionImpl.java:2550)
	at com.mysql.jdbc.PreparedStatement.executeInternal(PreparedStatement.java:1861)
	at com.mysql.jdbc.PreparedStatement.execute(PreparedStatement.java:1192)
	at com.mchange.v2.c3p0.impl.NewProxyPreparedStatement.execute(NewProxyPreparedStatement.java:989)
	at sun.reflect.GeneratedMethodAccessor10.invoke(Unknown Source)
	at sun.reflect.DelegatingMethodAccessorImpl.invoke(DelegatingMethodAccessorImpl.java:43)
	at java.lang.reflect.Method.invoke(Method.java:498)
	at org.apache.ibatis.logging.jdbc.PreparedStatementLogger.invoke(PreparedStatementLogger.java:59)
	at com.sun.proxy.$Proxy35.execute(Unknown Source)
	at org.apache.ibatis.executor.statement.PreparedStatementHandler.update(PreparedStatementHandler.java:45)
	at org.apache.ibatis.executor.statement.RoutingStatementHandler.update(RoutingStatementHandler.java:73)
	at org.apache.ibatis.executor.SimpleExecutor.doUpdate(SimpleExecutor.java:49)
	at org.apache.ibatis.executor.BaseExecutor.update(BaseExecutor.java:115)
	at org.apache.ibatis.executor.CachingExecutor.update(CachingExecutor.java:75)
	at org.apache.ibatis.session.defaults.DefaultSqlSession.update(DefaultSqlSession.java:170)
	at org.apache.ibatis.session.defaults.DefaultSqlSession.insert(DefaultSqlSession.java:157)
	at sun.reflect.NativeMethodAccessorImpl.invoke0(Native Method)
	at sun.reflect.NativeMethodAccessorImpl.invoke(NativeMethodAccessorImpl.java:62)
	at sun.reflect.DelegatingMethodAccessorImpl.invoke(DelegatingMethodAccessorImpl.java:43)
	at java.lang.reflect.Method.invoke(Method.java:498)
	at org.mybatis.spring.SqlSessionTemplate$SqlSessionInterceptor.invoke(SqlSessionTemplate.java:386)
	... 41 more
</error>
    <system-out>15:33:36.586 [main] DEBUG org.mybatis.spring.SqlSessionUtils - Creating a new SqlSession
15:33:36.587 [main] DEBUG org.mybatis.spring.SqlSessionUtils - SqlSession [org.apache.ibatis.session.defaults.DefaultSqlSession@366ac49b] was not registered for synchronization because synchronization is not active
15:33:36.587 [main] DEBUG o.m.s.t.SpringManagedTransaction - JDBC Connection [com.mchange.v2.c3p0.impl.NewProxyConnection@56f0cc85] will not be managed by Spring
15:33:36.587 [main] DEBUG com.zc.dao.ITeacherDao.addTeacher - ==&gt;  Preparing: insert into t_teacher values(null,?,?,?,?,?,?,?) 
15:33:36.588 [main] DEBUG com.zc.dao.ITeacherDao.addTeacher - ==&gt; Parameters: t_01(String), teacher1(String), 1(Integer), ?(String), admin(String), 2020-04-24 15:33:36.586(Timestamp), 4545135453(String)
15:33:36.676 [main] DEBUG org.mybatis.spring.SqlSessionUtils - Closing non transactional SqlSession [org.apache.ibatis.session.defaults.DefaultSqlSession@366ac49b]
</system-out>
  </testcase>
  <testcase classname="com.zc.dao.ITeacherDaoTest" name="test1" time="0"/>
  <testcase classname="com.zc.dao.ITeacherDaoTest" name="test2" time="0.11"/>
  <testcase classname="com.zc.dao.ITeacherDaoTest" name="test3" time="0"/>
  <testcase classname="com.zc.dao.ITeacherDaoTest" name="test4" time="0"/>
  <testcase classname="com.zc.dao.ITeacherDaoTest" name="test5" time="0.01"/>
  <testcase classname="com.zc.dao.ITeacherDaoTest" name="test6" time="0"/>
  <testcase classname="com.zc.dao.ITeacherDaoTest" name="test7" time="0.03"/>
  <testcase classname="com.zc.dao.ITeacherDaoTest" name="test8" time="0.03">
    <error message="
### Error updating database.  Cause: com.mysql.jdbc.exceptions.jdbc4.MySQLIntegrityConstraintViolationException: Cannot add or update a child row: a foreign key constraint fails (`db_graduation_management`.`t_teacher_opening_report_task_book`, CONSTRAINT `t_teacher_opening_report_task_book_ibfk_2` FOREIGN KEY (`thesisTitleId`) REFERENCES `t_thesis_title` (`id`))
### The error may involve com.zc.dao.ITeacherTaskBookOpeningDao.addOpening-Inline
### The error occurred while setting parameters
### SQL: insert into t_teacher_opening_report_task_book values(null,?,?,null,?,?)
### Cause: com.mysql.jdbc.exceptions.jdbc4.MySQLIntegrityConstraintViolationException: Cannot add or update a child row: a foreign key constraint fails (`db_graduation_management`.`t_teacher_opening_report_task_book`, CONSTRAINT `t_teacher_opening_report_task_book_ibfk_2` FOREIGN KEY (`thesisTitleId`) REFERENCES `t_thesis_title` (`id`))
; SQL []; Cannot add or update a child row: a foreign key constraint fails (`db_graduation_management`.`t_teacher_opening_report_task_book`, CONSTRAINT `t_teacher_opening_report_task_book_ibfk_2` FOREIGN KEY (`thesisTitleId`) REFERENCES `t_thesis_title` (`id`)); nested exception is com.mysql.jdbc.exceptions.jdbc4.MySQLIntegrityConstraintViolationException: Cannot add or update a child row: a foreign key constraint fails (`db_graduation_management`.`t_teacher_opening_report_task_book`, CONSTRAINT `t_teacher_opening_report_task_book_ibfk_2` FOREIGN KEY (`thesisTitleId`) REFERENCES `t_thesis_title` (`id`))" type="org.springframework.dao.DataIntegrityViolationException">org.springframework.dao.DataIntegrityViolationException: 
### Error updating database.  Cause: com.mysql.jdbc.exceptions.jdbc4.MySQLIntegrityConstraintViolationException: Cannot add or update a child row: a foreign key constraint fails (`db_graduation_management`.`t_teacher_opening_report_task_book`, CONSTRAINT `t_teacher_opening_report_task_book_ibfk_2` FOREIGN KEY (`thesisTitleId`) REFERENCES `t_thesis_title` (`id`))
### The error may involve com.zc.dao.ITeacherTaskBookOpeningDao.addOpening-Inline
### The error occurred while setting parameters
### SQL: insert into t_teacher_opening_report_task_book values(null,?,?,null,?,?)
### Cause: com.mysql.jdbc.exceptions.jdbc4.MySQLIntegrityConstraintViolationException: Cannot add or update a child row: a foreign key constraint fails (`db_graduation_management`.`t_teacher_opening_report_task_book`, CONSTRAINT `t_teacher_opening_report_task_book_ibfk_2` FOREIGN KEY (`thesisTitleId`) REFERENCES `t_thesis_title` (`id`))
; SQL []; Cannot add or update a child row: a foreign key constraint fails (`db_graduation_management`.`t_teacher_opening_report_task_book`, CONSTRAINT `t_teacher_opening_report_task_book_ibfk_2` FOREIGN KEY (`thesisTitleId`) REFERENCES `t_thesis_title` (`id`)); nested exception is com.mysql.jdbc.exceptions.jdbc4.MySQLIntegrityConstraintViolationException: Cannot add or update a child row: a foreign key constraint fails (`db_graduation_management`.`t_teacher_opening_report_task_book`, CONSTRAINT `t_teacher_opening_report_task_book_ibfk_2` FOREIGN KEY (`thesisTitleId`) REFERENCES `t_thesis_title` (`id`))
	at org.springframework.jdbc.support.SQLErrorCodeSQLExceptionTranslator.doTranslate(SQLErrorCodeSQLExceptionTranslator.java:243)
	at org.springframework.jdbc.support.AbstractFallbackSQLExceptionTranslator.translate(AbstractFallbackSQLExceptionTranslator.java:73)
	at org.mybatis.spring.MyBatisExceptionTranslator.translateExceptionIfPossible(MyBatisExceptionTranslator.java:74)
	at org.mybatis.spring.SqlSessionTemplate$SqlSessionInterceptor.invoke(SqlSessionTemplate.java:399)
	at com.sun.proxy.$Proxy15.insert(Unknown Source)
	at org.mybatis.spring.SqlSessionTemplate.insert(SqlSessionTemplate.java:253)
	at org.apache.ibatis.binding.MapperMethod.execute(MapperMethod.java:52)
	at org.apache.ibatis.binding.MapperProxy.invoke(MapperProxy.java:53)
	at com.sun.proxy.$Proxy24.addOpening(Unknown Source)
	at com.zc.dao.ITeacherDaoTest.test8(ITeacherDaoTest.java:131)
	at sun.reflect.NativeMethodAccessorImpl.invoke0(Native Method)
	at sun.reflect.NativeMethodAccessorImpl.invoke(NativeMethodAccessorImpl.java:62)
	at sun.reflect.DelegatingMethodAccessorImpl.invoke(DelegatingMethodAccessorImpl.java:43)
	at java.lang.reflect.Method.invoke(Method.java:498)
	at org.junit.runners.model.FrameworkMethod$1.runReflectiveCall(FrameworkMethod.java:50)
	at org.junit.internal.runners.model.ReflectiveCallable.run(ReflectiveCallable.java:12)
	at org.junit.runners.model.FrameworkMethod.invokeExplosively(FrameworkMethod.java:47)
	at org.junit.internal.runners.statements.InvokeMethod.evaluate(InvokeMethod.java:17)
	at org.springframework.test.context.junit4.statements.RunBeforeTestMethodCallbacks.evaluate(RunBeforeTestMethodCallbacks.java:73)
	at org.springframework.test.context.junit4.statements.RunAfterTestMethodCallbacks.evaluate(RunAfterTestMethodCallbacks.java:82)
	at org.springframework.test.context.junit4.statements.SpringRepeat.evaluate(SpringRepeat.java:73)
	at org.junit.runners.ParentRunner.runLeaf(ParentRunner.java:325)
	at org.springframework.test.context.junit4.SpringJUnit4ClassRunner.runChild(SpringJUnit4ClassRunner.java:224)
	at org.springframework.test.context.junit4.SpringJUnit4ClassRunner.runChild(SpringJUnit4ClassRunner.java:83)
	at org.junit.runners.ParentRunner$3.run(ParentRunner.java:290)
	at org.junit.runners.ParentRunner$1.schedule(ParentRunner.java:71)
	at org.junit.runners.ParentRunner.runChildren(ParentRunner.java:288)
	at org.junit.runners.ParentRunner.access$000(ParentRunner.java:58)
	at org.junit.runners.ParentRunner$2.evaluate(ParentRunner.java:268)
	at org.springframework.test.context.junit4.statements.RunBeforeTestClassCallbacks.evaluate(RunBeforeTestClassCallbacks.java:61)
	at org.springframework.test.context.junit4.statements.RunAfterTestClassCallbacks.evaluate(RunAfterTestClassCallbacks.java:68)
	at org.junit.runners.ParentRunner.run(ParentRunner.java:363)
	at org.springframework.test.context.junit4.SpringJUnit4ClassRunner.run(SpringJUnit4ClassRunner.java:163)
	at org.apache.maven.surefire.junit4.JUnit4Provider.execute(JUnit4Provider.java:252)
	at org.apache.maven.surefire.junit4.JUnit4Provider.executeTestSet(JUnit4Provider.java:141)
	at org.apache.maven.surefire.junit4.JUnit4Provider.invoke(JUnit4Provider.java:112)
	at sun.reflect.NativeMethodAccessorImpl.invoke0(Native Method)
	at sun.reflect.NativeMethodAccessorImpl.invoke(NativeMethodAccessorImpl.java:62)
	at sun.reflect.DelegatingMethodAccessorImpl.invoke(DelegatingMethodAccessorImpl.java:43)
	at java.lang.reflect.Method.invoke(Method.java:498)
	at org.apache.maven.surefire.util.ReflectionUtils.invokeMethodWithArray(ReflectionUtils.java:189)
	at org.apache.maven.surefire.booter.ProviderFactory$ProviderProxy.invoke(ProviderFactory.java:165)
	at org.apache.maven.surefire.booter.ProviderFactory.invokeProvider(ProviderFactory.java:85)
	at org.apache.maven.surefire.booter.ForkedBooter.runSuitesInProcess(ForkedBooter.java:115)
	at org.apache.maven.surefire.booter.ForkedBooter.main(ForkedBooter.java:75)
Caused by: com.mysql.jdbc.exceptions.jdbc4.MySQLIntegrityConstraintViolationException: Cannot add or update a child row: a foreign key constraint fails (`db_graduation_management`.`t_teacher_opening_report_task_book`, CONSTRAINT `t_teacher_opening_report_task_book_ibfk_2` FOREIGN KEY (`thesisTitleId`) REFERENCES `t_thesis_title` (`id`))
	at sun.reflect.NativeConstructorAccessorImpl.newInstance0(Native Method)
	at sun.reflect.NativeConstructorAccessorImpl.newInstance(NativeConstructorAccessorImpl.java:62)
	at sun.reflect.DelegatingConstructorAccessorImpl.newInstance(DelegatingConstructorAccessorImpl.java:45)
	at java.lang.reflect.Constructor.newInstance(Constructor.java:423)
	at com.mysql.jdbc.Util.handleNewInstance(Util.java:404)
	at com.mysql.jdbc.Util.getInstance(Util.java:387)
	at com.mysql.jdbc.SQLError.createSQLException(SQLError.java:934)
	at com.mysql.jdbc.MysqlIO.checkErrorPacket(MysqlIO.java:3870)
	at com.mysql.jdbc.MysqlIO.checkErrorPacket(MysqlIO.java:3806)
	at com.mysql.jdbc.MysqlIO.sendCommand(MysqlIO.java:2470)
	at com.mysql.jdbc.MysqlIO.sqlQueryDirect(MysqlIO.java:2617)
	at com.mysql.jdbc.ConnectionImpl.execSQL(ConnectionImpl.java:2550)
	at com.mysql.jdbc.PreparedStatement.executeInternal(PreparedStatement.java:1861)
	at com.mysql.jdbc.PreparedStatement.execute(PreparedStatement.java:1192)
	at com.mchange.v2.c3p0.impl.NewProxyPreparedStatement.execute(NewProxyPreparedStatement.java:989)
	at sun.reflect.GeneratedMethodAccessor10.invoke(Unknown Source)
	at sun.reflect.DelegatingMethodAccessorImpl.invoke(DelegatingMethodAccessorImpl.java:43)
	at java.lang.reflect.Method.invoke(Method.java:498)
	at org.apache.ibatis.logging.jdbc.PreparedStatementLogger.invoke(PreparedStatementLogger.java:59)
	at com.sun.proxy.$Proxy35.execute(Unknown Source)
	at org.apache.ibatis.executor.statement.PreparedStatementHandler.update(PreparedStatementHandler.java:45)
	at org.apache.ibatis.executor.statement.RoutingStatementHandler.update(RoutingStatementHandler.java:73)
	at org.apache.ibatis.executor.SimpleExecutor.doUpdate(SimpleExecutor.java:49)
	at org.apache.ibatis.executor.BaseExecutor.update(BaseExecutor.java:115)
	at org.apache.ibatis.executor.CachingExecutor.update(CachingExecutor.java:75)
	at org.apache.ibatis.session.defaults.DefaultSqlSession.update(DefaultSqlSession.java:170)
	at org.apache.ibatis.session.defaults.DefaultSqlSession.insert(DefaultSqlSession.java:157)
	at sun.reflect.NativeMethodAccessorImpl.invoke0(Native Method)
	at sun.reflect.NativeMethodAccessorImpl.invoke(NativeMethodAccessorImpl.java:62)
	at sun.reflect.DelegatingMethodAccessorImpl.invoke(DelegatingMethodAccessorImpl.java:43)
	at java.lang.reflect.Method.invoke(Method.java:498)
	at org.mybatis.spring.SqlSessionTemplate$SqlSessionInterceptor.invoke(SqlSessionTemplate.java:386)
	... 41 more
</error>
    <system-out>15:33:36.836 [main] DEBUG org.mybatis.spring.SqlSessionUtils - Creating a new SqlSession
15:33:36.836 [main] DEBUG org.mybatis.spring.SqlSessionUtils - SqlSession [org.apache.ibatis.session.defaults.DefaultSqlSession@613a8ee1] was not registered for synchronization because synchronization is not active
15:33:36.836 [main] DEBUG o.m.s.t.SpringManagedTransaction - JDBC Connection [com.mchange.v2.c3p0.impl.NewProxyConnection@7103cb56] will not be managed by Spring
15:33:36.836 [main] DEBUG c.z.d.I.addOpening - ==&gt;  Preparing: insert into t_teacher_opening_report_task_book values(null,?,?,null,?,?) 
15:33:36.836 [main] DEBUG c.z.d.I.addOpening - ==&gt; Parameters: 4(Integer), E:\BSM\admin\test\test_�ļ�.docx(String), ���ǽ�ʦid=4�Ŀ��ⱨ��(String), 0(Integer)
15:33:36.876 [main] DEBUG org.mybatis.spring.SqlSessionUtils - Closing non transactional SqlSession [org.apache.ibatis.session.defaults.DefaultSqlSession@613a8ee1]
</system-out>
  </testcase>
  <testcase classname="com.zc.dao.ITeacherDaoTest" name="test9" time="0.08"/>
  <testcase classname="com.zc.dao.ITeacherDaoTest" name="showAllTeacher" time="0"/>
  <testcase classname="com.zc.dao.ITeacherDaoTest" name="testSelect" time="0"/>
</testsuite>